build1/flutter_downloader/intermediates/manifest_merge_blame_file/release/manifest-merger-blame-release-report.txt
1<?xml version="1.0" encoding="utf-8"?>
2<manifest xmlns:android="http://schemas.android.com/apk/res/android"
3    package="vn.hunghd.flutterdownloader" >
4
5    <uses-sdk
6        android:minSdkVersion="19"
6-->src\main\AndroidManifest.xml
7        android:targetSdkVersion="33" />
7-->src\main\AndroidManifest.xml
8
9    <!-- See https://developer.android.com/training/package-visibility -->
10    <queries>
10-->src\main\AndroidManifest.xml:5:5-9:15
11        <intent>
11-->src\main\AndroidManifest.xml:6:9-8:18
12            <action android:name="android.intent.action.VIEW" />
12-->src\main\AndroidManifest.xml:7:13-65
12-->src\main\AndroidManifest.xml:7:21-62
13        </intent>
14    </queries>
15
16    <uses-permission android:name="android.permission.POST_NOTIFICATIONS" />
16-->src\main\AndroidManifest.xml:10:5-77
16-->src\main\AndroidManifest.xml:10:22-74
17
18</manifest>